[06-Mar-2020 05:35:14 UTC] Erreur de la base de données WordPress Champ 'marque' inconnu dans field list pour la requête INSERT INTO `csw2_vehicules` (`marque`, `modele`, `couleur`, `annee_circulation`, `kilometrage`, `prix`) VALUES ('Ionic', 'Toy56253', 'verte', 2020, 255500, 899) faite par require('wp-blog-header.php'), require_once('wp-includes/template-loader.php'), include('/themes/twentytwenty/singular.php'), get_template_part, locate_template, load_template, require('/themes/twentytwenty/template-parts/content.php'), the_content, apply_filters('the_content'), WP_Hook->apply_filters, do_shortcode, preg_replace_callback, do_shortcode_tag, shortcode_input_form_vehicule, insert_vehicule
[06-Mar-2020 05:35:14 UTC] PHP Notice:  Array to string conversion in C:\wamp64\www\CSW2-TP1\wp-content\plugins\csw2-vehicule\csw2-vehicules-page-form.php on line 77
[06-Mar-2020 05:37:14 UTC] Erreur de la base de données WordPress Champ 'vehicule_modele' inconnu dans field list pour la requête INSERT INTO `csw2_vehicules` (`vehicule_marque`, `vehicule_modele`, `vehicule_couleur`, `vehicule_annee_circulation`, `vehicule_kilometrage`, `vehicule_prix`) VALUES ('Toyota', 'Toy56253', 'noire', 2020, 85000, 0) faite par require('wp-blog-header.php'), require_once('wp-includes/template-loader.php'), include('/themes/twentytwenty/singular.php'), get_template_part, locate_template, load_template, require('/themes/twentytwenty/template-parts/content.php'), the_content, apply_filters('the_content'), WP_Hook->apply_filters, do_shortcode, preg_replace_callback, do_shortcode_tag, shortcode_input_form_vehicule, insert_vehicule
[06-Mar-2020 05:37:14 UTC] PHP Notice:  Array to string conversion in C:\wamp64\www\CSW2-TP1\wp-content\plugins\csw2-vehicule\csw2-vehicules-page-form.php on line 77
[06-Mar-2020 05:38:39 UTC] PHP Notice:  Array to string conversion in C:\wamp64\www\CSW2-TP1\wp-content\plugins\csw2-vehicule\csw2-vehicules-page-form.php on line 77
[06-Mar-2020 05:46:34 UTC] PHP Warning:  require_once(C:\wamp64\www\CSW2-TP1/wp-admin/includes/filse.php): failed to open stream: No such file or directory in C:\wamp64\www\CSW2-TP1\wp-content\plugins\csw2-vehicule\csw2-vehicules-page-form.php on line 83
[06-Mar-2020 05:46:34 UTC] PHP Fatal error:  require_once(): Failed opening required 'C:\wamp64\www\CSW2-TP1/wp-admin/includes/filse.php' (include_path='.;C:\php\pear') in C:\wamp64\www\CSW2-TP1\wp-content\plugins\csw2-vehicule\csw2-vehicules-page-form.php on line 83
[10-Mar-2020 03:21:15 UTC] Erreur de la base de données WordPress Champ 'vehicule_modele' inconnu dans field list pour la requête INSERT INTO `csw2_vehicules` (`vehicule_marque`, `vehicule_modele`, `vehicule_couleur`, `vehicule_annee_circulation`, `vehicule_kilometrage`, `vehicule_prix`, `vehicule_proprietaire_id`) VALUES ('Toyota', 'TOYCXR', 'verte', 2009, 200000, 1500, 0) faite par require('wp-blog-header.php'), require_once('wp-includes/template-loader.php'), include('/themes/twentytwenty/singular.php'), get_template_part, locate_template, load_template, require('/themes/twentytwenty/template-parts/content.php'), the_content, apply_filters('the_content'), WP_Hook->apply_filters, do_shortcode, preg_replace_callback, do_shortcode_tag, shortcode_input_form_vehicule, insert_vehicule
[10-Mar-2020 03:25:14 UTC] Erreur de la base de données WordPress Champ 'title' inconnu dans where clause pour la requête SELECT * FROM csw2_vehicules
			 WHERE title LIKE '%%'
	   		 ORDER BY title ASC faite par require('wp-blog-header.php'), require_once('wp-includes/template-loader.php'), include('/themes/twentytwenty/singular.php'), get_template_part, locate_template, load_template, require('/themes/twentytwenty/template-parts/content.php'), the_content, apply_filters('the_content'), WP_Hook->apply_filters, do_shortcode, preg_replace_callback, do_shortcode_tag, csw2_vehicules_shortcode_list, csw2_vehicules_html_list_code
[10-Mar-2020 05:40:48 UTC] Erreur de la base de données WordPress Champ 'marque' inconnu dans where clause pour la requête SELECT * FROM csw2_vehicules
			 WHERE marque LIKE '%%'
	   		 ORDER BY marque ASC faite par require('wp-blog-header.php'), require_once('wp-includes/template-loader.php'), include('/themes/twentytwenty/singular.php'), get_template_part, locate_template, load_template, require('/themes/twentytwenty/template-parts/content.php'), the_content, apply_filters('the_content'), WP_Hook->apply_filters, do_shortcode, preg_replace_callback, do_shortcode_tag, csw2_vehicules_shortcode_list, csw2_vehicules_html_list_code
[10-Mar-2020 05:41:04 UTC] PHP Notice:  Undefined property: stdClass::$title in C:\wamp64\www\CSW2-TP1\wp-content\plugins\csw2-vehicule\csw2-vehicules-page-list.php on line 64
[10-Mar-2020 05:41:04 UTC] PHP Notice:  Undefined property: stdClass::$id in C:\wamp64\www\CSW2-TP1\wp-content\plugins\csw2-vehicule\csw2-vehicules-page-list.php on line 64
[10-Mar-2020 05:41:04 UTC] PHP Notice:  Undefined property: stdClass::$title in C:\wamp64\www\CSW2-TP1\wp-content\plugins\csw2-vehicule\csw2-vehicules-page-list.php on line 64
[10-Mar-2020 05:41:04 UTC] PHP Notice:  Undefined property: stdClass::$marque in C:\wamp64\www\CSW2-TP1\wp-content\plugins\csw2-vehicule\csw2-vehicules-page-list.php on line 69
[10-Mar-2020 05:41:04 UTC] PHP Notice:  Undefined property: stdClass::$instructions in C:\wamp64\www\CSW2-TP1\wp-content\plugins\csw2-vehicule\csw2-vehicules-page-list.php on line 74
[10-Mar-2020 05:41:04 UTC] PHP Notice:  Undefined property: stdClass::$prep_time in C:\wamp64\www\CSW2-TP1\wp-content\plugins\csw2-vehicule\csw2-vehicules-page-list.php on line 79
[10-Mar-2020 05:41:04 UTC] PHP Notice:  Undefined property: stdClass::$cook_time in C:\wamp64\www\CSW2-TP1\wp-content\plugins\csw2-vehicule\csw2-vehicules-page-list.php on line 84
[10-Mar-2020 05:41:57 UTC] PHP Notice:  Undefined property: stdClass::$title in C:\wamp64\www\CSW2-TP1\wp-content\plugins\csw2-vehicule\csw2-vehicules-page-list.php on line 64
[10-Mar-2020 05:41:57 UTC] PHP Notice:  Undefined property: stdClass::$id in C:\wamp64\www\CSW2-TP1\wp-content\plugins\csw2-vehicule\csw2-vehicules-page-list.php on line 64
[10-Mar-2020 05:41:57 UTC] PHP Notice:  Undefined property: stdClass::$title in C:\wamp64\www\CSW2-TP1\wp-content\plugins\csw2-vehicule\csw2-vehicules-page-list.php on line 64
[10-Mar-2020 05:41:57 UTC] PHP Notice:  Undefined property: stdClass::$marque in C:\wamp64\www\CSW2-TP1\wp-content\plugins\csw2-vehicule\csw2-vehicules-page-list.php on line 69
[10-Mar-2020 05:41:57 UTC] PHP Notice:  Undefined property: stdClass::$instructions in C:\wamp64\www\CSW2-TP1\wp-content\plugins\csw2-vehicule\csw2-vehicules-page-list.php on line 74
[10-Mar-2020 05:41:57 UTC] PHP Notice:  Undefined property: stdClass::$prep_time in C:\wamp64\www\CSW2-TP1\wp-content\plugins\csw2-vehicule\csw2-vehicules-page-list.php on line 79
[10-Mar-2020 05:41:57 UTC] PHP Notice:  Undefined property: stdClass::$cook_time in C:\wamp64\www\CSW2-TP1\wp-content\plugins\csw2-vehicule\csw2-vehicules-page-list.php on line 84
[10-Mar-2020 05:41:57 UTC] PHP Notice:  Undefined property: stdClass::$title in C:\wamp64\www\CSW2-TP1\wp-content\plugins\csw2-vehicule\csw2-vehicules-page-list.php on line 64
[10-Mar-2020 05:41:57 UTC] PHP Notice:  Undefined property: stdClass::$id in C:\wamp64\www\CSW2-TP1\wp-content\plugins\csw2-vehicule\csw2-vehicules-page-list.php on line 64
[10-Mar-2020 05:41:57 UTC] PHP Notice:  Undefined property: stdClass::$title in C:\wamp64\www\CSW2-TP1\wp-content\plugins\csw2-vehicule\csw2-vehicules-page-list.php on line 64
[10-Mar-2020 05:41:57 UTC] PHP Notice:  Undefined property: stdClass::$marque in C:\wamp64\www\CSW2-TP1\wp-content\plugins\csw2-vehicule\csw2-vehicules-page-list.php on line 69
[10-Mar-2020 05:41:57 UTC] PHP Notice:  Undefined property: stdClass::$instructions in C:\wamp64\www\CSW2-TP1\wp-content\plugins\csw2-vehicule\csw2-vehicules-page-list.php on line 74
[10-Mar-2020 05:41:57 UTC] PHP Notice:  Undefined property: stdClass::$prep_time in C:\wamp64\www\CSW2-TP1\wp-content\plugins\csw2-vehicule\csw2-vehicules-page-list.php on line 79
[10-Mar-2020 05:41:57 UTC] PHP Notice:  Undefined property: stdClass::$cook_time in C:\wamp64\www\CSW2-TP1\wp-content\plugins\csw2-vehicule\csw2-vehicules-page-list.php on line 84
[10-Mar-2020 05:43:24 UTC] PHP Parse error:  syntax error, unexpected 'else' (T_ELSE) in C:\wamp64\www\CSW2-TP1\wp-content\plugins\csw2-vehicule\csw2-vehicules-page-list.php on line 94
[10-Mar-2020 05:43:36 UTC] PHP Parse error:  syntax error, unexpected 'else' (T_ELSE) in C:\wamp64\www\CSW2-TP1\wp-content\plugins\csw2-vehicule\csw2-vehicules-page-list.php on line 94
[10-Mar-2020 05:43:47 UTC] PHP Notice:  Undefined property: stdClass::$title in C:\wamp64\www\CSW2-TP1\wp-content\plugins\csw2-vehicule\csw2-vehicules-page-list.php on line 64
[10-Mar-2020 05:43:47 UTC] PHP Notice:  Undefined property: stdClass::$id in C:\wamp64\www\CSW2-TP1\wp-content\plugins\csw2-vehicule\csw2-vehicules-page-list.php on line 64
[10-Mar-2020 05:43:47 UTC] PHP Notice:  Undefined property: stdClass::$title in C:\wamp64\www\CSW2-TP1\wp-content\plugins\csw2-vehicule\csw2-vehicules-page-list.php on line 64
[10-Mar-2020 05:43:47 UTC] PHP Notice:  Undefined property: stdClass::$marque in C:\wamp64\www\CSW2-TP1\wp-content\plugins\csw2-vehicule\csw2-vehicules-page-list.php on line 69
[10-Mar-2020 05:43:47 UTC] PHP Notice:  Undefined property: stdClass::$instructions in C:\wamp64\www\CSW2-TP1\wp-content\plugins\csw2-vehicule\csw2-vehicules-page-list.php on line 74
[10-Mar-2020 05:43:47 UTC] PHP Notice:  Undefined property: stdClass::$prep_time in C:\wamp64\www\CSW2-TP1\wp-content\plugins\csw2-vehicule\csw2-vehicules-page-list.php on line 79
[10-Mar-2020 05:43:47 UTC] PHP Notice:  Undefined property: stdClass::$cook_time in C:\wamp64\www\CSW2-TP1\wp-content\plugins\csw2-vehicule\csw2-vehicules-page-list.php on line 84
[10-Mar-2020 05:43:47 UTC] PHP Notice:  Undefined property: stdClass::$title in C:\wamp64\www\CSW2-TP1\wp-content\plugins\csw2-vehicule\csw2-vehicules-page-list.php on line 64
[10-Mar-2020 05:43:47 UTC] PHP Notice:  Undefined property: stdClass::$id in C:\wamp64\www\CSW2-TP1\wp-content\plugins\csw2-vehicule\csw2-vehicules-page-list.php on line 64
[10-Mar-2020 05:43:47 UTC] PHP Notice:  Undefined property: stdClass::$title in C:\wamp64\www\CSW2-TP1\wp-content\plugins\csw2-vehicule\csw2-vehicules-page-list.php on line 64
[10-Mar-2020 05:43:47 UTC] PHP Notice:  Undefined property: stdClass::$marque in C:\wamp64\www\CSW2-TP1\wp-content\plugins\csw2-vehicule\csw2-vehicules-page-list.php on line 69
[10-Mar-2020 05:43:47 UTC] PHP Notice:  Undefined property: stdClass::$instructions in C:\wamp64\www\CSW2-TP1\wp-content\plugins\csw2-vehicule\csw2-vehicules-page-list.php on line 74
[10-Mar-2020 05:43:48 UTC] PHP Notice:  Undefined property: stdClass::$prep_time in C:\wamp64\www\CSW2-TP1\wp-content\plugins\csw2-vehicule\csw2-vehicules-page-list.php on line 79
[10-Mar-2020 05:43:48 UTC] PHP Notice:  Undefined property: stdClass::$cook_time in C:\wamp64\www\CSW2-TP1\wp-content\plugins\csw2-vehicule\csw2-vehicules-page-list.php on line 84
[10-Mar-2020 05:46:17 UTC] PHP Notice:  Undefined property: stdClass::$title in C:\wamp64\www\CSW2-TP1\wp-content\plugins\csw2-vehicule\csw2-vehicules-page-list.php on line 64
[10-Mar-2020 05:46:17 UTC] PHP Notice:  Undefined property: stdClass::$id in C:\wamp64\www\CSW2-TP1\wp-content\plugins\csw2-vehicule\csw2-vehicules-page-list.php on line 64
[10-Mar-2020 05:46:17 UTC] PHP Notice:  Undefined property: stdClass::$title in C:\wamp64\www\CSW2-TP1\wp-content\plugins\csw2-vehicule\csw2-vehicules-page-list.php on line 64
[10-Mar-2020 05:46:17 UTC] PHP Notice:  Undefined property: stdClass::$marque in C:\wamp64\www\CSW2-TP1\wp-content\plugins\csw2-vehicule\csw2-vehicules-page-list.php on line 69
[10-Mar-2020 05:46:17 UTC] PHP Notice:  Undefined property: stdClass::$modele in C:\wamp64\www\CSW2-TP1\wp-content\plugins\csw2-vehicule\csw2-vehicules-page-list.php on line 74
[10-Mar-2020 05:46:17 UTC] PHP Notice:  Undefined property: stdClass::$annee_circulation in C:\wamp64\www\CSW2-TP1\wp-content\plugins\csw2-vehicule\csw2-vehicules-page-list.php on line 79
[10-Mar-2020 05:46:17 UTC] PHP Notice:  Undefined property: stdClass::$kilometrage in C:\wamp64\www\CSW2-TP1\wp-content\plugins\csw2-vehicule\csw2-vehicules-page-list.php on line 84
[10-Mar-2020 05:46:17 UTC] PHP Notice:  Undefined property: stdClass::$prix in C:\wamp64\www\CSW2-TP1\wp-content\plugins\csw2-vehicule\csw2-vehicules-page-list.php on line 89
[10-Mar-2020 05:46:17 UTC] PHP Notice:  Undefined property: stdClass::$title in C:\wamp64\www\CSW2-TP1\wp-content\plugins\csw2-vehicule\csw2-vehicules-page-list.php on line 64
[10-Mar-2020 05:46:17 UTC] PHP Notice:  Undefined property: stdClass::$id in C:\wamp64\www\CSW2-TP1\wp-content\plugins\csw2-vehicule\csw2-vehicules-page-list.php on line 64
[10-Mar-2020 05:46:17 UTC] PHP Notice:  Undefined property: stdClass::$title in C:\wamp64\www\CSW2-TP1\wp-content\plugins\csw2-vehicule\csw2-vehicules-page-list.php on line 64
[10-Mar-2020 05:46:17 UTC] PHP Notice:  Undefined property: stdClass::$marque in C:\wamp64\www\CSW2-TP1\wp-content\plugins\csw2-vehicule\csw2-vehicules-page-list.php on line 69
[10-Mar-2020 05:46:18 UTC] PHP Notice:  Undefined property: stdClass::$modele in C:\wamp64\www\CSW2-TP1\wp-content\plugins\csw2-vehicule\csw2-vehicules-page-list.php on line 74
[10-Mar-2020 05:46:18 UTC] PHP Notice:  Undefined property: stdClass::$annee_circulation in C:\wamp64\www\CSW2-TP1\wp-content\plugins\csw2-vehicule\csw2-vehicules-page-list.php on line 79
[10-Mar-2020 05:46:18 UTC] PHP Notice:  Undefined property: stdClass::$kilometrage in C:\wamp64\www\CSW2-TP1\wp-content\plugins\csw2-vehicule\csw2-vehicules-page-list.php on line 84
[10-Mar-2020 05:46:18 UTC] PHP Notice:  Undefined property: stdClass::$prix in C:\wamp64\www\CSW2-TP1\wp-content\plugins\csw2-vehicule\csw2-vehicules-page-list.php on line 89
[10-Mar-2020 05:47:07 UTC] PHP Notice:  Undefined property: stdClass::$marque in C:\wamp64\www\CSW2-TP1\wp-content\plugins\csw2-vehicule\csw2-vehicules-page-list.php on line 64
[10-Mar-2020 05:47:07 UTC] PHP Notice:  Undefined property: stdClass::$id in C:\wamp64\www\CSW2-TP1\wp-content\plugins\csw2-vehicule\csw2-vehicules-page-list.php on line 64
[10-Mar-2020 05:47:07 UTC] PHP Notice:  Undefined property: stdClass::$marque in C:\wamp64\www\CSW2-TP1\wp-content\plugins\csw2-vehicule\csw2-vehicules-page-list.php on line 64
[10-Mar-2020 05:47:07 UTC] PHP Notice:  Undefined property: stdClass::$marque in C:\wamp64\www\CSW2-TP1\wp-content\plugins\csw2-vehicule\csw2-vehicules-page-list.php on line 69
[10-Mar-2020 05:47:07 UTC] PHP Notice:  Undefined property: stdClass::$modele in C:\wamp64\www\CSW2-TP1\wp-content\plugins\csw2-vehicule\csw2-vehicules-page-list.php on line 74
[10-Mar-2020 05:47:07 UTC] PHP Notice:  Undefined property: stdClass::$annee_circulation in C:\wamp64\www\CSW2-TP1\wp-content\plugins\csw2-vehicule\csw2-vehicules-page-list.php on line 79
[10-Mar-2020 05:47:07 UTC] PHP Notice:  Undefined property: stdClass::$kilometrage in C:\wamp64\www\CSW2-TP1\wp-content\plugins\csw2-vehicule\csw2-vehicules-page-list.php on line 84
[10-Mar-2020 05:47:07 UTC] PHP Notice:  Undefined property: stdClass::$prix in C:\wamp64\www\CSW2-TP1\wp-content\plugins\csw2-vehicule\csw2-vehicules-page-list.php on line 89
[10-Mar-2020 05:47:07 UTC] PHP Notice:  Undefined property: stdClass::$marque in C:\wamp64\www\CSW2-TP1\wp-content\plugins\csw2-vehicule\csw2-vehicules-page-list.php on line 64
[10-Mar-2020 05:47:07 UTC] PHP Notice:  Undefined property: stdClass::$id in C:\wamp64\www\CSW2-TP1\wp-content\plugins\csw2-vehicule\csw2-vehicules-page-list.php on line 64
[10-Mar-2020 05:47:07 UTC] PHP Notice:  Undefined property: stdClass::$marque in C:\wamp64\www\CSW2-TP1\wp-content\plugins\csw2-vehicule\csw2-vehicules-page-list.php on line 64
[10-Mar-2020 05:47:07 UTC] PHP Notice:  Undefined property: stdClass::$marque in C:\wamp64\www\CSW2-TP1\wp-content\plugins\csw2-vehicule\csw2-vehicules-page-list.php on line 69
[10-Mar-2020 05:47:07 UTC] PHP Notice:  Undefined property: stdClass::$modele in C:\wamp64\www\CSW2-TP1\wp-content\plugins\csw2-vehicule\csw2-vehicules-page-list.php on line 74
[10-Mar-2020 05:47:07 UTC] PHP Notice:  Undefined property: stdClass::$annee_circulation in C:\wamp64\www\CSW2-TP1\wp-content\plugins\csw2-vehicule\csw2-vehicules-page-list.php on line 79
[10-Mar-2020 05:47:07 UTC] PHP Notice:  Undefined property: stdClass::$kilometrage in C:\wamp64\www\CSW2-TP1\wp-content\plugins\csw2-vehicule\csw2-vehicules-page-list.php on line 84
[10-Mar-2020 05:47:07 UTC] PHP Notice:  Undefined property: stdClass::$prix in C:\wamp64\www\CSW2-TP1\wp-content\plugins\csw2-vehicule\csw2-vehicules-page-list.php on line 89
[10-Mar-2020 05:47:27 UTC] Erreur de la base de données WordPress Champ 'vehicules_marque' inconnu dans where clause pour la requête SELECT * FROM csw2_vehicules
			 WHERE vehicules_marque LIKE '%%'
	   		 ORDER BY vehicules_marque ASC faite par require('wp-blog-header.php'), require_once('wp-includes/template-loader.php'), include('/themes/twentytwenty/singular.php'), get_template_part, locate_template, load_template, require('/themes/twentytwenty/template-parts/content.php'), the_content, apply_filters('the_content'), WP_Hook->apply_filters, do_shortcode, preg_replace_callback, do_shortcode_tag, csw2_vehicules_shortcode_list, csw2_vehicules_html_list_code
[10-Mar-2020 05:47:43 UTC] PHP Notice:  Undefined property: stdClass::$marque in C:\wamp64\www\CSW2-TP1\wp-content\plugins\csw2-vehicule\csw2-vehicules-page-list.php on line 64
[10-Mar-2020 05:47:43 UTC] PHP Notice:  Undefined property: stdClass::$id in C:\wamp64\www\CSW2-TP1\wp-content\plugins\csw2-vehicule\csw2-vehicules-page-list.php on line 64
[10-Mar-2020 05:47:43 UTC] PHP Notice:  Undefined property: stdClass::$marque in C:\wamp64\www\CSW2-TP1\wp-content\plugins\csw2-vehicule\csw2-vehicules-page-list.php on line 64
[10-Mar-2020 05:47:43 UTC] PHP Notice:  Undefined property: stdClass::$marque in C:\wamp64\www\CSW2-TP1\wp-content\plugins\csw2-vehicule\csw2-vehicules-page-list.php on line 69
[10-Mar-2020 05:47:43 UTC] PHP Notice:  Undefined property: stdClass::$modele in C:\wamp64\www\CSW2-TP1\wp-content\plugins\csw2-vehicule\csw2-vehicules-page-list.php on line 74
[10-Mar-2020 05:47:43 UTC] PHP Notice:  Undefined property: stdClass::$annee_circulation in C:\wamp64\www\CSW2-TP1\wp-content\plugins\csw2-vehicule\csw2-vehicules-page-list.php on line 79
[10-Mar-2020 05:47:43 UTC] PHP Notice:  Undefined property: stdClass::$kilometrage in C:\wamp64\www\CSW2-TP1\wp-content\plugins\csw2-vehicule\csw2-vehicules-page-list.php on line 84
[10-Mar-2020 05:47:43 UTC] PHP Notice:  Undefined property: stdClass::$prix in C:\wamp64\www\CSW2-TP1\wp-content\plugins\csw2-vehicule\csw2-vehicules-page-list.php on line 89
[10-Mar-2020 05:47:43 UTC] PHP Notice:  Undefined property: stdClass::$marque in C:\wamp64\www\CSW2-TP1\wp-content\plugins\csw2-vehicule\csw2-vehicules-page-list.php on line 64
[10-Mar-2020 05:47:43 UTC] PHP Notice:  Undefined property: stdClass::$id in C:\wamp64\www\CSW2-TP1\wp-content\plugins\csw2-vehicule\csw2-vehicules-page-list.php on line 64
[10-Mar-2020 05:47:43 UTC] PHP Notice:  Undefined property: stdClass::$marque in C:\wamp64\www\CSW2-TP1\wp-content\plugins\csw2-vehicule\csw2-vehicules-page-list.php on line 64
[10-Mar-2020 05:47:43 UTC] PHP Notice:  Undefined property: stdClass::$marque in C:\wamp64\www\CSW2-TP1\wp-content\plugins\csw2-vehicule\csw2-vehicules-page-list.php on line 69
[10-Mar-2020 05:47:43 UTC] PHP Notice:  Undefined property: stdClass::$modele in C:\wamp64\www\CSW2-TP1\wp-content\plugins\csw2-vehicule\csw2-vehicules-page-list.php on line 74
[10-Mar-2020 05:47:43 UTC] PHP Notice:  Undefined property: stdClass::$annee_circulation in C:\wamp64\www\CSW2-TP1\wp-content\plugins\csw2-vehicule\csw2-vehicules-page-list.php on line 79
[10-Mar-2020 05:47:43 UTC] PHP Notice:  Undefined property: stdClass::$kilometrage in C:\wamp64\www\CSW2-TP1\wp-content\plugins\csw2-vehicule\csw2-vehicules-page-list.php on line 84
[10-Mar-2020 05:47:43 UTC] PHP Notice:  Undefined property: stdClass::$prix in C:\wamp64\www\CSW2-TP1\wp-content\plugins\csw2-vehicule\csw2-vehicules-page-list.php on line 89
[10-Mar-2020 05:48:25 UTC] PHP Notice:  Undefined property: stdClass::$id in C:\wamp64\www\CSW2-TP1\wp-content\plugins\csw2-vehicule\csw2-vehicules-page-list.php on line 64
[10-Mar-2020 05:48:25 UTC] PHP Notice:  Undefined property: stdClass::$kilometrage in C:\wamp64\www\CSW2-TP1\wp-content\plugins\csw2-vehicule\csw2-vehicules-page-list.php on line 84
[10-Mar-2020 05:48:25 UTC] PHP Notice:  Undefined property: stdClass::$id in C:\wamp64\www\CSW2-TP1\wp-content\plugins\csw2-vehicule\csw2-vehicules-page-list.php on line 64
[10-Mar-2020 05:48:25 UTC] PHP Notice:  Undefined property: stdClass::$kilometrage in C:\wamp64\www\CSW2-TP1\wp-content\plugins\csw2-vehicule\csw2-vehicules-page-list.php on line 84
[10-Mar-2020 05:49:31 UTC] PHP Notice:  Undefined property: stdClass::$id in C:\wamp64\www\CSW2-TP1\wp-content\plugins\csw2-vehicule\csw2-vehicules-page-list.php on line 64
[10-Mar-2020 05:49:31 UTC] PHP Notice:  Undefined property: stdClass::$id in C:\wamp64\www\CSW2-TP1\wp-content\plugins\csw2-vehicule\csw2-vehicules-page-list.php on line 64
[10-Mar-2020 05:49:46 UTC] PHP Notice:  Undefined property: stdClass::$id in C:\wamp64\www\CSW2-TP1\wp-content\plugins\csw2-vehicule\csw2-vehicules-page-list.php on line 64
[10-Mar-2020 05:49:46 UTC] PHP Notice:  Undefined property: stdClass::$id in C:\wamp64\www\CSW2-TP1\wp-content\plugins\csw2-vehicule\csw2-vehicules-page-list.php on line 64
[10-Mar-2020 05:50:27 UTC] PHP Notice:  Undefined property: stdClass::$id in C:\wamp64\www\CSW2-TP1\wp-content\plugins\csw2-vehicule\csw2-vehicules-page-list.php on line 64
[10-Mar-2020 05:50:27 UTC] PHP Notice:  Undefined property: stdClass::$id in C:\wamp64\www\CSW2-TP1\wp-content\plugins\csw2-vehicule\csw2-vehicules-page-list.php on line 64
[10-Mar-2020 05:50:55 UTC] PHP Notice:  Undefined property: stdClass::$id in C:\wamp64\www\CSW2-TP1\wp-content\plugins\csw2-vehicule\csw2-vehicules-page-list.php on line 64
[10-Mar-2020 05:50:55 UTC] PHP Notice:  Undefined property: stdClass::$id in C:\wamp64\www\CSW2-TP1\wp-content\plugins\csw2-vehicule\csw2-vehicules-page-list.php on line 64
[10-Mar-2020 05:51:22 UTC] PHP Notice:  Undefined property: stdClass::$id in C:\wamp64\www\CSW2-TP1\wp-content\plugins\csw2-vehicule\csw2-vehicules-page-list.php on line 64
[10-Mar-2020 05:51:22 UTC] PHP Notice:  Undefined property: stdClass::$id in C:\wamp64\www\CSW2-TP1\wp-content\plugins\csw2-vehicule\csw2-vehicules-page-list.php on line 64
[10-Mar-2020 05:51:36 UTC] PHP Notice:  Undefined property: stdClass::$id in C:\wamp64\www\CSW2-TP1\wp-content\plugins\csw2-vehicule\csw2-vehicules-page-list.php on line 64
[10-Mar-2020 05:51:36 UTC] PHP Notice:  Undefined property: stdClass::$id in C:\wamp64\www\CSW2-TP1\wp-content\plugins\csw2-vehicule\csw2-vehicules-page-list.php on line 64
[10-Mar-2020 05:52:09 UTC] PHP Notice:  Undefined property: stdClass::$id in C:\wamp64\www\CSW2-TP1\wp-content\plugins\csw2-vehicule\csw2-vehicules-page-list.php on line 64
[10-Mar-2020 05:52:09 UTC] PHP Notice:  Undefined property: stdClass::$id in C:\wamp64\www\CSW2-TP1\wp-content\plugins\csw2-vehicule\csw2-vehicules-page-list.php on line 64
[10-Mar-2020 05:52:30 UTC] PHP Notice:  Undefined property: stdClass::$id in C:\wamp64\www\CSW2-TP1\wp-content\plugins\csw2-vehicule\csw2-vehicules-page-list.php on line 64
[10-Mar-2020 05:52:30 UTC] PHP Notice:  Undefined property: stdClass::$id in C:\wamp64\www\CSW2-TP1\wp-content\plugins\csw2-vehicule\csw2-vehicules-page-list.php on line 64
[10-Mar-2020 06:01:51 UTC] PHP Notice:  wpdb::prepare est appelée de la mauvaise manière. La requête ne contient pas un nombre correct de substitutifs/placeholders (5) pour le nombre d’arguments proposés (1). Veuillez lire <a href="https://wordpress.org/support/article/debugging-in-wordpress/">Débogage dans WordPress</a> (en) pour plus d’informations. (Ce message a été ajouté à la version 4.8.3.) in C:\wamp64\www\CSW2-TP1\wp-includes\functions.php on line 4986
[10-Mar-2020 06:01:51 UTC] PHP Warning:  vsprintf(): Too few arguments in C:\wamp64\www\CSW2-TP1\wp-includes\wp-db.php on line 1397
[10-Mar-2020 06:01:51 UTC] PHP Warning:  count(): Parameter must be an array or an object that implements Countable in C:\wamp64\www\CSW2-TP1\wp-content\plugins\csw2-vehicule\csw2-vehicules-page-list.php on line 51
[10-Mar-2020 06:47:18 UTC] PHP Notice:  Undefined index: vehicule-sens in C:\wamp64\www\CSW2-TP1\wp-content\plugins\csw2-vehicule\csw2-vehicules-page-list.php on line 32
[10-Mar-2020 06:55:46 UTC] PHP Notice:  wpdb::prepare est appelée de la mauvaise manière. La requête ne contient pas un nombre correct de substitutifs/placeholders (6) pour le nombre d’arguments proposés (5). Veuillez lire <a href="https://wordpress.org/support/article/debugging-in-wordpress/">Débogage dans WordPress</a> (en) pour plus d’informations. (Ce message a été ajouté à la version 4.8.3.) in C:\wamp64\www\CSW2-TP1\wp-includes\functions.php on line 4986
[10-Mar-2020 06:55:46 UTC] PHP Warning:  vsprintf(): Too few arguments in C:\wamp64\www\CSW2-TP1\wp-includes\wp-db.php on line 1397
[10-Mar-2020 06:55:46 UTC] PHP Warning:  count(): Parameter must be an array or an object that implements Countable in C:\wamp64\www\CSW2-TP1\wp-content\plugins\csw2-vehicule\csw2-vehicules-page-list.php on line 58
[10-Mar-2020 06:56:26 UTC] Erreur de la base de données WordPress Erreur de syntaxe près de ''%ASC%'' à la ligne 3 pour la requête SELECT * FROM csw2_vehicules
			 WHERE (vehicule_marque LIKE '%verte%') OR (vehicule_modele LIKE '%verte%') OR (vehicule_couleur LIKE '%verte%') OR (vehicule_prix < '0')
	   		 ORDER BY vehicule_marque '%ASC%' faite par require('wp-blog-header.php'), require_once('wp-includes/template-loader.php'), include('/themes/twentytwenty/singular.php'), get_template_part, locate_template, load_template, require('/themes/twentytwenty/template-parts/content.php'), the_content, apply_filters('the_content'), WP_Hook->apply_filters, do_shortcode, preg_replace_callback, do_shortcode_tag, csw2_vehicules_shortcode_list, csw2_vehicules_html_list_code
[10-Mar-2020 06:57:03 UTC] Erreur de la base de données WordPress Erreur de syntaxe près de ''%ASC%'' à la ligne 3 pour la requête SELECT * FROM csw2_vehicules
			 WHERE (vehicule_marque LIKE '%verte%') OR (vehicule_modele LIKE '%verte%') OR (vehicule_couleur LIKE '%verte%') OR (vehicule_prix < '0')
	   		 ORDER BY vehicule_marque '%ASC%' faite par require('wp-blog-header.php'), require_once('wp-includes/template-loader.php'), include('/themes/twentytwenty/singular.php'), get_template_part, locate_template, load_template, require('/themes/twentytwenty/template-parts/content.php'), the_content, apply_filters('the_content'), WP_Hook->apply_filters, do_shortcode, preg_replace_callback, do_shortcode_tag, csw2_vehicules_shortcode_list, csw2_vehicules_html_list_code
[10-Mar-2020 06:57:08 UTC] Erreur de la base de données WordPress Erreur de syntaxe près de ''%ASC%'' à la ligne 3 pour la requête SELECT * FROM csw2_vehicules
			 WHERE (vehicule_marque LIKE '%%') OR (vehicule_modele LIKE '%%') OR (vehicule_couleur LIKE '%%') OR (vehicule_prix < '0')
	   		 ORDER BY vehicule_marque '%ASC%' faite par require('wp-blog-header.php'), require_once('wp-includes/template-loader.php'), include('/themes/twentytwenty/singular.php'), get_template_part, locate_template, load_template, require('/themes/twentytwenty/template-parts/content.php'), the_content, apply_filters('the_content'), WP_Hook->apply_filters, do_shortcode, preg_replace_callback, do_shortcode_tag, csw2_vehicules_shortcode_list, csw2_vehicules_html_list_code
[10-Mar-2020 06:57:15 UTC] Erreur de la base de données WordPress Erreur de syntaxe près de ''%ASC%'' à la ligne 3 pour la requête SELECT * FROM csw2_vehicules
			 WHERE (vehicule_marque LIKE '%%') OR (vehicule_modele LIKE '%%') OR (vehicule_couleur LIKE '%%') OR (vehicule_prix < '0')
	   		 ORDER BY vehicule_marque '%ASC%' faite par require('wp-blog-header.php'), require_once('wp-includes/template-loader.php'), include('/themes/twentytwenty/singular.php'), get_template_part, locate_template, load_template, require('/themes/twentytwenty/template-parts/content.php'), the_content, apply_filters('the_content'), WP_Hook->apply_filters, do_shortcode, preg_replace_callback, do_shortcode_tag, csw2_vehicules_shortcode_list, csw2_vehicules_html_list_code
[10-Mar-2020 06:57:34 UTC] Erreur de la base de données WordPress Erreur de syntaxe près de ''%ASC%'' à la ligne 3 pour la requête SELECT * FROM csw2_vehicules
			 WHERE (vehicule_marque LIKE '%%') OR (vehicule_modele LIKE '%%') OR (vehicule_couleur LIKE '%%') OR (vehicule_prix < '0')
	   		 ORDER BY vehicule_marque '%ASC%' faite par require('wp-blog-header.php'), require_once('wp-includes/template-loader.php'), include('/themes/twentytwenty/singular.php'), get_template_part, locate_template, load_template, require('/themes/twentytwenty/template-parts/content.php'), the_content, apply_filters('the_content'), WP_Hook->apply_filters, do_shortcode, preg_replace_callback, do_shortcode_tag, csw2_vehicules_shortcode_list, csw2_vehicules_html_list_code
[10-Mar-2020 06:57:37 UTC] Erreur de la base de données WordPress Erreur de syntaxe près de ''%DESC%'' à la ligne 3 pour la requête SELECT * FROM csw2_vehicules
			 WHERE (vehicule_marque LIKE '%%') OR (vehicule_modele LIKE '%%') OR (vehicule_couleur LIKE '%%') OR (vehicule_prix < '0')
	   		 ORDER BY vehicule_marque '%DESC%' faite par require('wp-blog-header.php'), require_once('wp-includes/template-loader.php'), include('/themes/twentytwenty/singular.php'), get_template_part, locate_template, load_template, require('/themes/twentytwenty/template-parts/content.php'), the_content, apply_filters('the_content'), WP_Hook->apply_filters, do_shortcode, preg_replace_callback, do_shortcode_tag, csw2_vehicules_shortcode_list, csw2_vehicules_html_list_code
[10-Mar-2020 06:57:52 UTC] Erreur de la base de données WordPress Erreur de syntaxe près de ''DESC'' à la ligne 3 pour la requête SELECT * FROM csw2_vehicules
			 WHERE (vehicule_marque LIKE '%%') OR (vehicule_modele LIKE '%%') OR (vehicule_couleur LIKE '%%') OR (vehicule_prix < '0')
	   		 ORDER BY vehicule_marque 'DESC' faite par require('wp-blog-header.php'), require_once('wp-includes/template-loader.php'), include('/themes/twentytwenty/singular.php'), get_template_part, locate_template, load_template, require('/themes/twentytwenty/template-parts/content.php'), the_content, apply_filters('the_content'), WP_Hook->apply_filters, do_shortcode, preg_replace_callback, do_shortcode_tag, csw2_vehicules_shortcode_list, csw2_vehicules_html_list_code
[10-Mar-2020 06:58:10 UTC] Erreur de la base de données WordPress Erreur de syntaxe près de ''ASC'' à la ligne 3 pour la requête SELECT * FROM csw2_vehicules
			 WHERE (vehicule_marque LIKE '%%') OR (vehicule_modele LIKE '%%') OR (vehicule_couleur LIKE '%%') OR (vehicule_prix < '0')
	   		 ORDER BY vehicule_marque 'ASC' faite par require('wp-blog-header.php'), require_once('wp-includes/template-loader.php'), include('/themes/twentytwenty/singular.php'), get_template_part, locate_template, load_template, require('/themes/twentytwenty/template-parts/content.php'), the_content, apply_filters('the_content'), WP_Hook->apply_filters, do_shortcode, preg_replace_callback, do_shortcode_tag, csw2_vehicules_shortcode_list, csw2_vehicules_html_list_code
[10-Mar-2020 06:58:34 UTC] Erreur de la base de données WordPress Erreur de syntaxe près de ''ASC'' à la ligne 3 pour la requête SELECT * FROM csw2_vehicules
			 WHERE (vehicule_marque LIKE '%%') OR (vehicule_modele LIKE '%%') OR (vehicule_couleur LIKE '%%') OR (vehicule_prix < '0')
	   		 ORDER BY vehicule_marque 'ASC' faite par require('wp-blog-header.php'), require_once('wp-includes/template-loader.php'), include('/themes/twentytwenty/singular.php'), get_template_part, locate_template, load_template, require('/themes/twentytwenty/template-parts/content.php'), the_content, apply_filters('the_content'), WP_Hook->apply_filters, do_shortcode, preg_replace_callback, do_shortcode_tag, csw2_vehicules_shortcode_list, csw2_vehicules_html_list_code
[10-Mar-2020 06:58:44 UTC] Erreur de la base de données WordPress Erreur de syntaxe près de ''DESC'' à la ligne 3 pour la requête SELECT * FROM csw2_vehicules
			 WHERE (vehicule_marque LIKE '%%') OR (vehicule_modele LIKE '%%') OR (vehicule_couleur LIKE '%%') OR (vehicule_prix < '0')
	   		 ORDER BY vehicule_marque 'DESC'; faite par require('wp-blog-header.php'), require_once('wp-includes/template-loader.php'), include('/themes/twentytwenty/singular.php'), get_template_part, locate_template, load_template, require('/themes/twentytwenty/template-parts/content.php'), the_content, apply_filters('the_content'), WP_Hook->apply_filters, do_shortcode, preg_replace_callback, do_shortcode_tag, csw2_vehicules_shortcode_list, csw2_vehicules_html_list_code
[10-Mar-2020 07:00:29 UTC] PHP Notice:  wpdb::prepare est appelée de la mauvaise manière. La requête ne contient pas un nombre correct de substitutifs/placeholders (4) pour le nombre d’arguments proposés (5). Veuillez lire <a href="https://wordpress.org/support/article/debugging-in-wordpress/">Débogage dans WordPress</a> (en) pour plus d’informations. (Ce message a été ajouté à la version 4.8.3.) in C:\wamp64\www\CSW2-TP1\wp-includes\functions.php on line 4986
[10-Mar-2020 07:28:01 UTC] PHP Notice:  wp_register_style was called <strong>incorrectly</strong>. Scripts and styles should not be registered or enqueued until the <code>wp_enqueue_scripts</code>, <code>admin_enqueue_scripts</code>, or <code>login_enqueue_scripts</code> hooks. Please see <a href="https://wordpress.org/support/article/debugging-in-wordpress/">Debugging in WordPress</a> for more information. (This message was added in version 3.3.0.) in C:\wamp64\www\CSW2-TP1\wp-includes\functions.php on line 4986
[10-Mar-2020 07:28:01 UTC] PHP Notice:  wp_enqueue_style was called <strong>incorrectly</strong>. Scripts and styles should not be registered or enqueued until the <code>wp_enqueue_scripts</code>, <code>admin_enqueue_scripts</code>, or <code>login_enqueue_scripts</code> hooks. Please see <a href="https://wordpress.org/support/article/debugging-in-wordpress/">Debugging in WordPress</a> for more information. (This message was added in version 3.3.0.) in C:\wamp64\www\CSW2-TP1\wp-includes\functions.php on line 4986
[10-Mar-2020 07:32:01 UTC] PHP Notice:  wp_register_style was called <strong>incorrectly</strong>. Scripts and styles should not be registered or enqueued until the <code>wp_enqueue_scripts</code>, <code>admin_enqueue_scripts</code>, or <code>login_enqueue_scripts</code> hooks. Please see <a href="https://wordpress.org/support/article/debugging-in-wordpress/">Debugging in WordPress</a> for more information. (This message was added in version 3.3.0.) in C:\wamp64\www\CSW2-TP1\wp-includes\functions.php on line 4986
